0 info it worked if it ends with ok
1 verbose cli [ 'node', '/usr/local/bin/npm', 'start' ]
2 info using npm@1.2.18
3 info using node@v0.10.4
4 verbose read json /Users/knob1/Dropbox/node/gitRepository/yougether/yougether/package.json
5 warn package.json Yougether@0.0.1-33 No README.md file found!
6 verbose run-script [ 'prestart', 'start', 'poststart' ]
7 info prestart Yougether@0.0.1-33
8 info start Yougether@0.0.1-33
9 verbose unsafe-perm in lifecycle true
10 silly exec sh "-c" "node app.js"
11 silly sh,-c,node app.js,/Users/knob1/Dropbox/node/gitRepository/yougether/yougether spawning
12 info Yougether@0.0.1-33 Failed to exec start script
13 error Yougether@0.0.1-33 start: `node app.js`
13 error `sh "-c" "node app.js"` failed with 8
14 error Failed at the Yougether@0.0.1-33 start script.
14 error This is most likely a problem with the Yougether package,
14 error not with npm itself.
14 error Tell the author that this fails on your system:
14 error     node app.js
14 error You can get their info via:
14 error     npm owner ls Yougether
14 error There is likely additional logging output above.
15 error System Darwin 12.4.0
16 error command "node" "/usr/local/bin/npm" "start"
17 error cwd /Users/knob1/Dropbox/node/gitRepository/yougether/yougether
18 error node -v v0.10.4
19 error npm -v 1.2.18
20 error code ELIFECYCLE
21 verbose exit [ 1, true ]
